<?xml version="1.0" encoding="UTF-8"?>
<!-- Generated by org.testng.reporters.JUnitXMLReporter -->
<testsuite hostname="DT-JMIHAJLOVIC" name="All Things Talk Test Cases - Login" tests="3" failures="0" timestamp="27 Dec 2019 11:28:08 GMT" time="5.436" errors="0">
  <testcase name="cannotLoginWithInvalidPassword" time="0.984" classname="AllThingsTalk.pages.login.LoginTests"/>
  <testcase name="canLoginWithEmail" time="0.769" classname="AllThingsTalk.pages.login.LoginTests"/>
  <testcase name="canLoginWithUsername" time="0.671" classname="AllThingsTalk.pages.login.LoginTests"/>
</testsuite> <!-- All Things Talk Test Cases - Login -->
