<?xml version="1.0" encoding="UTF-8"?>
<!-- Generated by org.testng.reporters.JUnitXMLReporter -->
<testsuite ignored="0" hostname="DESKTOP-8VQ09FA" failures="0" tests="2" name="All Things Talk Test Cases - New Employee" time="3.387" errors="0" timestamp="2019-12-27T23:48:01 CET">
  <testcase classname="AllThingsTalk.pages.newEmployee.NewEmployeeTests" name="createNewEmployee" time="0.781"/>
  <testcase classname="AllThingsTalk.pages.newEmployee.NewEmployeeTests" name="deleteEmployee" time="0.558"/>
</testsuite> <!-- All Things Talk Test Cases - New Employee -->
