<?xml version="1.0" encoding="UTF-8"?>
<!-- Generated by org.testng.reporters.JUnitXMLReporter -->
<testsuite ignored="0" hostname="DESKTOP-8VQ09FA" failures="0" tests="6" name="All Things Talk Test Cases - Sign Up" time="6.463" errors="0" timestamp="2019-12-27T23:47:54 CET">
  <testcase classname="AllThingsTalk.pages.signUp.SignUpTests" name="allFieldsAreBlank" time="0.56"/>
  <testcase classname="AllThingsTalk.pages.signUp.SignUpTests" name="canntoRegisterWithSameEmail" time="0.65"/>
  <testcase classname="AllThingsTalk.pages.signUp.SignUpTests" name="canntoRegisterWithSameUsername" time="0.639"/>
  <testcase classname="AllThingsTalk.pages.signUp.SignUpTests" name="canntoRegisterWithoutEmail" time="0.508"/>
  <testcase classname="AllThingsTalk.pages.signUp.SignUpTests" name="canntoRegisterWithoutPassword" time="0.516"/>
  <testcase classname="AllThingsTalk.pages.signUp.SignUpTests" name="registerNewAccount" time="1.038"/>
</testsuite> <!-- All Things Talk Test Cases - Sign Up -->
