<?xml version="1.0" encoding="UTF-8"?>
<!-- Generated by org.testng.reporters.JUnitXMLReporter -->
<testsuite ignored="0" hostname="DESKTOP-8VQ09FA" failures="0" tests="3" name="All Things Talk Test Cases - Login" time="2.968" errors="0" timestamp="2019-12-27T23:47:57 CET">
  <testcase classname="AllThingsTalk.pages.login.LoginTests" name="cannotLoginWithInvalidPassword" time="0.972"/>
  <testcase classname="AllThingsTalk.pages.login.LoginTests" name="canLoginWithEmail" time="0.881"/>
  <testcase classname="AllThingsTalk.pages.login.LoginTests" name="canLoginWithUsername" time="0.87"/>
</testsuite> <!-- All Things Talk Test Cases - Login -->
