<?xml version="1.0" encoding="UTF-8"?>
<testng-results ignored="0" total="11" passed="11" failed="0" skipped="0">
  <reporter-output>
  </reporter-output>
  <suite started-at="2019-12-27T23:47:48 CET" name="All Things Talk tests" finished-at="2019-12-27T23:48:01 CET" duration-ms="12924">
    <groups>
    </groups>
    <test started-at="2019-12-27T23:47:48 CET" name="All Things Talk Test Cases - Sign Up" finished-at="2019-12-27T23:47:54 CET" duration-ms="6463">
      <class name="AllThingsTalk.pages.signUp.SignUpTests">
        <test-method is-config="true" signature="goToSignUpPage()[pri:0, instance:AllThingsTalk.pages.signUp.SignUpTests@39fcbef6]" started-at="2019-12-27T23:47:48 CET" name="goToSignUpPage" finished-at="2019-12-27T23:47:49 CET" duration-ms="1461" status="PASS">
          <reporter-output>
          </reporter-output>
        </test-method> <!-- goToSignUpPage -->
        <test-method signature="allFieldsAreBlank()[pri:1, instance:AllThingsTalk.pages.signUp.SignUpTests@39fcbef6]" started-at="2019-12-27T23:47:49 CET" name="allFieldsAreBlank" description="Verify that all fields are mandatory." finished-at="2019-12-27T23:47:50 CET" duration-ms="560" status="PASS">
          <reporter-output>
          </reporter-output>
        </test-method> <!-- allFieldsAreBlank -->
        <test-method is-config="true" signature="goToSignUpPage()[pri:0, instance:AllThingsTalk.pages.signUp.SignUpTests@39fcbef6]" started-at="2019-12-27T23:47:50 CET" name="goToSignUpPage" finished-at="2019-12-27T23:47:50 CET" duration-ms="227" status="PASS">
          <reporter-output>
          </reporter-output>
        </test-method> <!-- goToSignUpPage -->
        <test-method signature="canntoRegisterWithSameEmail()[pri:2, instance:AllThingsTalk.pages.signUp.SignUpTests@39fcbef6]" started-at="2019-12-27T23:47:50 CET" name="canntoRegisterWithSameEmail" description="Cannot register with the same email." finished-at="2019-12-27T23:47:51 CET" duration-ms="650" status="PASS">
          <reporter-output>
          </reporter-output>
        </test-method> <!-- canntoRegisterWithSameEmail -->
        <test-method is-config="true" signature="goToSignUpPage()[pri:0, instance:AllThingsTalk.pages.signUp.SignUpTests@39fcbef6]" started-at="2019-12-27T23:47:51 CET" name="goToSignUpPage" finished-at="2019-12-27T23:47:51 CET" duration-ms="223" status="PASS">
          <reporter-output>
          </reporter-output>
        </test-method> <!-- goToSignUpPage -->
        <test-method signature="canntoRegisterWithSameUsername()[pri:3, instance:AllThingsTalk.pages.signUp.SignUpTests@39fcbef6]" started-at="2019-12-27T23:47:51 CET" name="canntoRegisterWithSameUsername" description="Cannot register with the same username." finished-at="2019-12-27T23:47:52 CET" duration-ms="639" status="PASS">
          <reporter-output>
          </reporter-output>
        </test-method> <!-- canntoRegisterWithSameUsername -->
        <test-method is-config="true" signature="goToSignUpPage()[pri:0, instance:AllThingsTalk.pages.signUp.SignUpTests@39fcbef6]" started-at="2019-12-27T23:47:52 CET" name="goToSignUpPage" finished-at="2019-12-27T23:47:52 CET" duration-ms="176" status="PASS">
          <reporter-output>
          </reporter-output>
        </test-method> <!-- goToSignUpPage -->
        <test-method signature="canntoRegisterWithoutEmail()[pri:4, instance:AllThingsTalk.pages.signUp.SignUpTests@39fcbef6]" started-at="2019-12-27T23:47:52 CET" name="canntoRegisterWithoutEmail" description="Cannot register without email." finished-at="2019-12-27T23:47:52 CET" duration-ms="508" status="PASS">
          <reporter-output>
          </reporter-output>
        </test-method> <!-- canntoRegisterWithoutEmail -->
        <test-method is-config="true" signature="goToSignUpPage()[pri:0, instance:AllThingsTalk.pages.signUp.SignUpTests@39fcbef6]" started-at="2019-12-27T23:47:52 CET" name="goToSignUpPage" finished-at="2019-12-27T23:47:53 CET" duration-ms="190" status="PASS">
          <reporter-output>
          </reporter-output>
        </test-method> <!-- goToSignUpPage -->
        <test-method signature="canntoRegisterWithoutPassword()[pri:5, instance:AllThingsTalk.pages.signUp.SignUpTests@39fcbef6]" started-at="2019-12-27T23:47:53 CET" name="canntoRegisterWithoutPassword" description="Cannot register without password." finished-at="2019-12-27T23:47:53 CET" duration-ms="516" status="PASS">
          <reporter-output>
          </reporter-output>
        </test-method> <!-- canntoRegisterWithoutPassword -->
        <test-method is-config="true" signature="goToSignUpPage()[pri:0, instance:AllThingsTalk.pages.signUp.SignUpTests@39fcbef6]" started-at="2019-12-27T23:47:53 CET" name="goToSignUpPage" finished-at="2019-12-27T23:47:53 CET" duration-ms="187" status="PASS">
          <reporter-output>
          </reporter-output>
        </test-method> <!-- goToSignUpPage -->
        <test-method signature="registerNewAccount()[pri:6, instance:AllThingsTalk.pages.signUp.SignUpTests@39fcbef6]" started-at="2019-12-27T23:47:53 CET" name="registerNewAccount" description="Can register new account." finished-at="2019-12-27T23:47:54 CET" duration-ms="1038" status="PASS">
          <reporter-output>
          </reporter-output>
        </test-method> <!-- registerNewAccount -->
      </class> <!-- AllThingsTalk.pages.signUp.SignUpTests -->
    </test> <!-- All Things Talk Test Cases - Sign Up -->
    <test started-at="2019-12-27T23:47:54 CET" name="All Things Talk Test Cases - Login" finished-at="2019-12-27T23:47:57 CET" duration-ms="2968">
      <class name="AllThingsTalk.pages.login.LoginTests">
        <test-method is-config="true" signature="goToSignUpPage()[pri:0, instance:AllThingsTalk.pages.login.LoginTests@55dfebeb]" started-at="2019-12-27T23:47:54 CET" name="goToSignUpPage" finished-at="2019-12-27T23:47:54 CET" duration-ms="60" status="PASS">
          <reporter-output>
          </reporter-output>
        </test-method> <!-- goToSignUpPage -->
        <test-method signature="cannotLoginWithInvalidPassword()[pri:1, instance:AllThingsTalk.pages.login.LoginTests@55dfebeb]" started-at="2019-12-27T23:47:54 CET" name="cannotLoginWithInvalidPassword" description="Cannot login with invalid password" finished-at="2019-12-27T23:47:55 CET" duration-ms="972" status="PASS">
          <reporter-output>
          </reporter-output>
        </test-method> <!-- cannotLoginWithInvalidPassword -->
        <test-method is-config="true" signature="goToSignUpPage()[pri:0, instance:AllThingsTalk.pages.login.LoginTests@55dfebeb]" started-at="2019-12-27T23:47:55 CET" name="goToSignUpPage" finished-at="2019-12-27T23:47:56 CET" duration-ms="93" status="PASS">
          <reporter-output>
          </reporter-output>
        </test-method> <!-- goToSignUpPage -->
        <test-method signature="canLoginWithEmail()[pri:2, instance:AllThingsTalk.pages.login.LoginTests@55dfebeb]" started-at="2019-12-27T23:47:56 CET" name="canLoginWithEmail" description="Can login with email" finished-at="2019-12-27T23:47:56 CET" duration-ms="881" status="PASS">
          <reporter-output>
          </reporter-output>
        </test-method> <!-- canLoginWithEmail -->
        <test-method is-config="true" signature="goToSignUpPage()[pri:0, instance:AllThingsTalk.pages.login.LoginTests@55dfebeb]" started-at="2019-12-27T23:47:56 CET" name="goToSignUpPage" finished-at="2019-12-27T23:47:56 CET" duration-ms="77" status="PASS">
          <reporter-output>
          </reporter-output>
        </test-method> <!-- goToSignUpPage -->
        <test-method signature="canLoginWithUsername()[pri:2, instance:AllThingsTalk.pages.login.LoginTests@55dfebeb]" started-at="2019-12-27T23:47:56 CET" name="canLoginWithUsername" description="Can login with username" finished-at="2019-12-27T23:47:57 CET" duration-ms="870" status="PASS">
          <reporter-output>
          </reporter-output>
        </test-method> <!-- canLoginWithUsername -->
      </class> <!-- AllThingsTalk.pages.login.LoginTests -->
    </test> <!-- All Things Talk Test Cases - Login -->
    <test started-at="2019-12-27T23:47:57 CET" name="All Things Talk Test Cases - New Employee" finished-at="2019-12-27T23:48:01 CET" duration-ms="3387">
      <class name="AllThingsTalk.pages.signUp.SignUpTests">
        <test-method is-config="true" signature="startBrowser()[pri:0, instance:AllThingsTalk.pages.signUp.SignUpTests@39fcbef6]" started-at="2019-12-27T23:47:44 CET" name="startBrowser" finished-at="2019-12-27T23:47:48 CET" duration-ms="4173" status="PASS">
          <reporter-output>
          </reporter-output>
        </test-method> <!-- startBrowser -->
        <test-method is-config="true" signature="closeBrowser()[pri:0, instance:AllThingsTalk.pages.signUp.SignUpTests@39fcbef6]" started-at="2019-12-27T23:48:01 CET" name="closeBrowser" finished-at="2019-12-27T23:48:01 CET" duration-ms="716" status="PASS">
          <reporter-output>
          </reporter-output>
        </test-method> <!-- closeBrowser -->
      </class> <!-- AllThingsTalk.pages.signUp.SignUpTests -->
      <class name="AllThingsTalk.pages.login.LoginTests">
        <test-method is-config="true" signature="startBrowser()[pri:0, instance:AllThingsTalk.pages.login.LoginTests@55dfebeb]" started-at="2019-12-27T23:47:48 CET" name="startBrowser" finished-at="2019-12-27T23:47:48 CET" duration-ms="29" status="PASS">
          <reporter-output>
          </reporter-output>
        </test-method> <!-- startBrowser -->
        <test-method is-config="true" signature="closeBrowser()[pri:0, instance:AllThingsTalk.pages.login.LoginTests@55dfebeb]" started-at="2019-12-27T23:48:01 CET" name="closeBrowser" finished-at="2019-12-27T23:48:01 CET" duration-ms="0" status="PASS">
          <reporter-output>
          </reporter-output>
        </test-method> <!-- closeBrowser -->
      </class> <!-- AllThingsTalk.pages.login.LoginTests -->
      <class name="AllThingsTalk.pages.newEmployee.NewEmployeeTests">
        <test-method is-config="true" signature="startBrowser()[pri:0, instance:AllThingsTalk.pages.newEmployee.NewEmployeeTests@6ad59d92]" started-at="2019-12-27T23:47:48 CET" name="startBrowser" finished-at="2019-12-27T23:47:48 CET" duration-ms="19" status="PASS">
          <reporter-output>
          </reporter-output>
        </test-method> <!-- startBrowser -->
        <test-method is-config="true" signature="goToSignUpPage()[pri:0, instance:AllThingsTalk.pages.newEmployee.NewEmployeeTests@6ad59d92]" started-at="2019-12-27T23:47:57 CET" name="goToSignUpPage" finished-at="2019-12-27T23:47:58 CET" duration-ms="948" status="PASS">
          <reporter-output>
          </reporter-output>
        </test-method> <!-- goToSignUpPage -->
        <test-method signature="createNewEmployee()[pri:1, instance:AllThingsTalk.pages.newEmployee.NewEmployeeTests@6ad59d92]" started-at="2019-12-27T23:47:58 CET" name="createNewEmployee" description="Can create new employee" finished-at="2019-12-27T23:47:59 CET" duration-ms="781" status="PASS">
          <reporter-output>
          </reporter-output>
        </test-method> <!-- createNewEmployee -->
        <test-method is-config="true" signature="goToSignUpPage()[pri:0, instance:AllThingsTalk.pages.newEmployee.NewEmployeeTests@6ad59d92]" started-at="2019-12-27T23:47:59 CET" name="goToSignUpPage" finished-at="2019-12-27T23:48:00 CET" duration-ms="1092" status="PASS">
          <reporter-output>
          </reporter-output>
        </test-method> <!-- goToSignUpPage -->
        <test-method signature="deleteEmployee()[pri:2, instance:AllThingsTalk.pages.newEmployee.NewEmployeeTests@6ad59d92]" started-at="2019-12-27T23:48:00 CET" name="deleteEmployee" description="Can delete employee" finished-at="2019-12-27T23:48:01 CET" duration-ms="558" status="PASS">
          <reporter-output>
          </reporter-output>
        </test-method> <!-- deleteEmployee -->
        <test-method is-config="true" signature="closeBrowser()[pri:0, instance:AllThingsTalk.pages.newEmployee.NewEmployeeTests@6ad59d92]" started-at="2019-12-27T23:48:01 CET" name="closeBrowser" finished-at="2019-12-27T23:48:01 CET" duration-ms="1" status="PASS">
          <reporter-output>
          </reporter-output>
        </test-method> <!-- closeBrowser -->
      </class> <!-- AllThingsTalk.pages.newEmployee.NewEmployeeTests -->
    </test> <!-- All Things Talk Test Cases - New Employee -->
  </suite> <!-- All Things Talk tests -->
</testng-results>
